<?xml version="1.0" encoding="UTF-8"?>
<testng-results skipped="0" failed="0" total="1" passed="1">
  <reporter-output>
  </reporter-output>
  <suite name="Suite" duration-ms="56543" started-at="2020-06-18T16:44:01Z" finished-at="2020-06-18T16:44:57Z">
    <groups>
    </groups>
    <test name="Test" duration-ms="56543" started-at="2020-06-18T16:44:01Z" finished-at="2020-06-18T16:44:57Z">
      <class name="com.CRM.AMScripts.TestLoginPage">
        <test-method status="PASS" signature="openBrowser(java.lang.String)[pri:0, instance:com.CRM.AMScripts.TestLoginPage@475530b9]" name="openBrowser" is-config="true" duration-ms="8625" started-at="2020-06-18T22:14:01Z" finished-at="2020-06-18T22:14:09Z">
          <params>
            <param index="0">
              <value>
                <![CDATA[chrome]]>
              </value>
            </param>
          </params>
          <reporter-output>
          </reporter-output>
        </test-method> <!-- openBrowser -->
        <test-method status="PASS" signature="LoginPageTest()[pri:0, instance:com.CRM.AMScripts.TestLoginPage@475530b9]" name="LoginPageTest" duration-ms="47607" started-at="2020-06-18T22:14:09Z" finished-at="2020-06-18T22:14:57Z">
          <reporter-output>
          </reporter-output>
        </test-method> <!-- LoginPageTest -->
        <test-method status="PASS" signature="logoutApp(org.testng.ITestResult)[pri:0, instance:com.CRM.AMScripts.TestLoginPage@475530b9]" name="logoutApp" is-config="true" duration-ms="0" started-at="2020-06-18T22:14:57Z" finished-at="2020-06-18T22:14:57Z">
          <params>
            <param index="0">
              <value>
                <![CDATA[[TestResult name=LoginPageTest status=SUCCESS method=TestLoginPage.LoginPageTest()[pri:0, instance:com.CRM.AMScripts.TestLoginPage@475530b9] output={null}]]]>
              </value>
            </param>
          </params>
          <reporter-output>
          </reporter-output>
        </test-method> <!-- logoutApp -->
      </class> <!-- com.CRM.AMScripts.TestLoginPage -->
    </test> <!-- Test -->
  </suite> <!-- Suite -->
</testng-results>
